[ 2016-04-19T08:40:25+08:00 ] 192.168.1.107 /webnoauth/model.cgi
ERR: 无法加载模块:Webnoauth

[ 2016-04-19T08:40:25+08:00 ] 192.168.1.107 /router/get_rand_key.cgi
ERR: 无法加载模块:Router

[ 2016-04-19T08:40:25+08:00 ] 192.168.1.107 /router/get_rand_key.cgi
ERR: 无法加载模块:Router

[ 2016-04-19T08:40:25+08:00 ] 192.168.1.107 /router/get_rand_key.cgi
ERR: 无法加载模块:Router

[ 2016-04-19T08:40:25+08:00 ] 192.168.1.107 /router/get_rand_key.cgi
ERR: 无法加载模块:Router

[ 2016-04-19T08:52:02+08:00 ] 192.168.1.117 /webnoauth/model.cgi
ERR: 无法加载模块:Webnoauth

[ 2016-04-19T08:52:02+08:00 ] 192.168.1.117 /router/get_rand_key.cgi
ERR: 无法加载模块:Router

[ 2016-04-19T08:52:02+08:00 ] 192.168.1.117 /router/get_rand_key.cgi
ERR: 无法加载模块:Router

[ 2016-04-19T08:52:02+08:00 ] 192.168.1.117 /router/get_rand_key.cgi
ERR: 无法加载模块:Router

[ 2016-04-19T08:52:02+08:00 ] 192.168.1.117 /router/get_rand_key.cgi
ERR: 无法加载模块:Router

[ 2016-04-19T09:49:25+08:00 ] ::1 /favicon.ico
ERR: 无法加载模块:Favicon

[ 2016-04-19T09:56:17+08:00 ] ::1 /Publicjs/jquery.easyui.js
ERR: 无法加载模块:Publicjs

[ 2016-04-19T09:56:17+08:00 ] ::1 /images/blocks.gif
ERR: 无法加载模块:Images

[ 2016-04-19T09:56:17+08:00 ] ::1 /images/layout-browser-hd-bg.gif
ERR: 无法加载模块:Images

[ 2016-04-19T09:56:46+08:00 ] ::1 /images/blocks.gif
ERR: 无法加载模块:Images

[ 2016-04-19T09:56:46+08:00 ] ::1 /images/blocks.gif
ERR: 无法加载模块:Images

[ 2016-04-19T09:56:46+08:00 ] ::1 /images/layout-browser-hd-bg.gif
ERR: 无法加载模块:Images

[ 2016-04-19T09:57:33+08:00 ] ::1 /images/blocks.gif
ERR: 无法加载模块:Images

[ 2016-04-19T09:58:15+08:00 ] ::1 /demo.html
ERR: 无法加载模块:Demo

[ 2016-04-19T09:58:15+08:00 ] ::1 /demo.html
ERR: 无法加载模块:Demo

[ 2016-04-19T10:02:27+08:00 ] ::1 /demo.html
ERR: 无法加载模块:Demo

[ 2016-04-19T10:02:27+08:00 ] ::1 /demo.html
ERR: 无法加载模块:Demo

