[ 2016-05-03T09:07:04+08:00 ] 192.168.1.129 /webnoauth/model.cgi
ERR: 无法加载模块:Webnoauth

[ 2016-05-03T09:07:05+08:00 ] 192.168.1.129 /router/get_rand_key.cgi
ERR: 无法加载模块:Router

[ 2016-05-03T09:07:05+08:00 ] 192.168.1.129 /router/get_rand_key.cgi
ERR: 无法加载模块:Router

[ 2016-05-03T09:07:06+08:00 ] 192.168.1.129 /router/get_rand_key.cgi
ERR: 无法加载模块:Router

[ 2016-05-03T09:07:06+08:00 ] 192.168.1.129 /router/get_rand_key.cgi
ERR: 无法加载模块:Router

[ 2016-05-03T09:19:04+08:00 ] 192.168.1.115 /webnoauth/model.cgi
ERR: 无法加载模块:Webnoauth

[ 2016-05-03T09:19:05+08:00 ] 192.168.1.115 /router/get_rand_key.cgi
ERR: 无法加载模块:Router

[ 2016-05-03T09:19:05+08:00 ] 192.168.1.115 /router/get_rand_key.cgi
ERR: 无法加载模块:Router

[ 2016-05-03T09:19:05+08:00 ] 192.168.1.115 /router/get_rand_key.cgi
ERR: 无法加载模块:Router

[ 2016-05-03T09:19:05+08:00 ] 192.168.1.115 /router/get_rand_key.cgi
ERR: 无法加载模块:Router

[ 2016-05-03T09:19:16+08:00 ] 192.168.1.119 /webnoauth/model.cgi
ERR: 无法加载模块:Webnoauth

[ 2016-05-03T09:19:16+08:00 ] 192.168.1.119 /router/get_rand_key.cgi
ERR: 无法加载模块:Router

[ 2016-05-03T09:19:16+08:00 ] 192.168.1.119 /router/get_rand_key.cgi
ERR: 无法加载模块:Router

[ 2016-05-03T09:19:16+08:00 ] 192.168.1.119 /router/get_rand_key.cgi
ERR: 无法加载模块:Router

[ 2016-05-03T09:19:16+08:00 ] 192.168.1.119 /router/get_rand_key.cgi
ERR: 无法加载模块:Router

[ 2016-05-03T09:55:27+08:00 ] ::1 /favicon.ico
ERR: 无法加载模块:Favicon

[ 2016-05-03T10:20:57+08:00 ] 192.168.1.121 /webnoauth/model.cgi
ERR: 无法加载模块:Webnoauth

[ 2016-05-03T10:20:57+08:00 ] 192.168.1.121 /router/get_rand_key.cgi
ERR: 无法加载模块:Router

[ 2016-05-03T10:20:57+08:00 ] 192.168.1.121 /router/get_rand_key.cgi
ERR: 无法加载模块:Router

[ 2016-05-03T10:20:58+08:00 ] 192.168.1.121 /router/get_rand_key.cgi
ERR: 无法加载模块:Router

[ 2016-05-03T10:20:58+08:00 ] 192.168.1.121 /router/get_rand_key.cgi
ERR: 无法加载模块:Router

[ 2016-05-03T10:25:06+08:00 ] ::1 /shop/productcatagory.aspx
ERR: 无法加载模块:Shop

[ 2016-05-03T10:25:06+08:00 ] ::1 /shop/productcatagory.aspx
ERR: 无法加载模块:Shop

[ 2016-05-03T10:25:10+08:00 ] ::1 /shop/product.aspx
ERR: 无法加载模块:Shop

[ 2016-05-03T10:25:10+08:00 ] ::1 /shop/product.aspx
ERR: 无法加载模块:Shop

[ 2016-05-03T10:25:12+08:00 ] ::1 /shop/orders.aspx
ERR: 无法加载模块:Shop

[ 2016-05-03T10:25:12+08:00 ] ::1 /shop/orders.aspx
ERR: 无法加载模块:Shop

[ 2016-05-03T10:49:25+08:00 ] 192.168.1.115 /webnoauth/model.cgi
ERR: 无法加载模块:Webnoauth

[ 2016-05-03T10:49:25+08:00 ] 192.168.1.115 /router/get_rand_key.cgi
ERR: 无法加载模块:Router

[ 2016-05-03T10:49:25+08:00 ] 192.168.1.115 /router/get_rand_key.cgi
ERR: 无法加载模块:Router

[ 2016-05-03T10:49:25+08:00 ] 192.168.1.115 /router/get_rand_key.cgi
ERR: 无法加载模块:Router

[ 2016-05-03T10:49:25+08:00 ] 192.168.1.115 /router/get_rand_key.cgi
ERR: 无法加载模块:Router

[ 2016-05-03T15:27:30+08:00 ] ::1 /Public/images/logo.jpg
ERR: 无法加载模块:Public

[ 2016-05-03T15:42:50+08:00 ] ::1 /Public/images/logo.jpg
ERR: 无法加载模块:Public

[ 2016-05-03T15:43:07+08:00 ] ::1 /Public/images/logo.jpg
ERR: 无法加载模块:Public

[ 2016-05-03T16:48:04+08:00 ] ::1 /Public/ueditor/editor_config.js
ERR: 无法加载模块:Public

[ 2016-05-03T16:48:04+08:00 ] ::1 /Public/ueditor/editor_all.js
ERR: 无法加载模块:Public

[ 2016-05-03T16:48:04+08:00 ] ::1 /Public/ueditor/themes/default/ueditor.css
ERR: 无法加载模块:Public

[ 2016-05-03T16:48:08+08:00 ] ::1 /Public/ueditor/themes/default/ueditor.css
ERR: 无法加载模块:Public

[ 2016-05-03T16:49:23+08:00 ] ::1 /Public/ueditor/ueditor.config.js
ERR: 无法加载模块:Public

[ 2016-05-03T16:49:23+08:00 ] ::1 /Public/ueditor/themes/default/css/ueditor.css
ERR: 无法加载模块:Public

[ 2016-05-03T16:49:23+08:00 ] ::1 /Public/ueditor/ueditor.all.js
ERR: 无法加载模块:Public

[ 2016-05-03T16:50:35+08:00 ] ::1 /Public/ueditor/ueditor.config.js
ERR: 无法加载模块:Public

[ 2016-05-03T16:50:35+08:00 ] ::1 /Public/ueditor/themes/default/css/ueditor.css
ERR: 无法加载模块:Public

[ 2016-05-03T16:50:35+08:00 ] ::1 /Public/ueditor/ueditor.all.js
ERR: 无法加载模块:Public

[ 2016-05-03T17:55:13+08:00 ] ::1 /Public/images/logo.jpg
ERR: 无法加载模块:Public

