[ 2016-04-29T08:18:11+08:00 ] 192.168.1.101 /webnoauth/model.cgi
ERR: 无法加载模块:Webnoauth

[ 2016-04-29T08:18:11+08:00 ] 192.168.1.101 /router/get_rand_key.cgi
ERR: 无法加载模块:Router

[ 2016-04-29T08:18:11+08:00 ] 192.168.1.101 /router/get_rand_key.cgi
ERR: 无法加载模块:Router

[ 2016-04-29T08:18:11+08:00 ] 192.168.1.101 /router/get_rand_key.cgi
ERR: 无法加载模块:Router

[ 2016-04-29T08:18:11+08:00 ] 192.168.1.101 /router/get_rand_key.cgi
ERR: 无法加载模块:Router

[ 2016-04-29T10:31:40+08:00 ] ::1 /favicon.ico
ERR: 无法加载模块:Favicon

[ 2016-04-29T10:35:19+08:00 ] ::1 /code?code_len=4&font_size=14&width=100&height=28&code=
ERR: 无法加载模块:Code

[ 2016-04-29T10:35:19+08:00 ] ::1 /code?code_len=4&font_size=14&width=100&height=28&code=
ERR: 无法加载模块:Code

[ 2016-04-29T14:39:08+08:00 ] ::1 /ajax/loginout.ashx
ERR: 无法加载模块:Ajax

[ 2016-04-29T14:45:26+08:00 ] ::1 /ajax/loginout.ashx
ERR: 无法加载模块:Ajax

[ 2016-04-29T14:55:58+08:00 ] ::1 /Login/login.html
ERR: 无法加载模块:Login

[ 2016-04-29T16:11:43+08:00 ] ::1 /app20140315
ERR: 无法加载模块:App20140315

[ 2016-04-29T16:12:38+08:00 ] ::1 /app20140315/index.php
ERR: 无法加载模块:App20140315

[ 2016-04-29T17:24:14+08:00 ] ::1 /Index/index.html
ERR: 无法加载模块:Index

