[ 2016-04-18T09:33:09+08:00 ] ::1 /favicon.ico
INFO: [ app_init ] --START--
INFO: Run Behavior\BuildLiteBehavior [ RunTime:0.000011s ]
INFO: [ app_init ] --END-- [ RunTime:0.000332s ]
ERR: 无法加载模块:Favicon

[ 2016-04-18T09:35:49+08:00 ] ::1 /myphp/Home/Index
INFO: [ app_init ] --START--
INFO: Run Behavior\BuildLiteBehavior [ RunTime:0.000008s ]
INFO: [ app_init ] --END-- [ RunTime:0.000229s ]
ERR: 无法加载模块:Myphp

[ 2016-04-18T09:43:10+08:00 ] 192.168.1.129 /webnoauth/model.cgi
INFO: [ app_init ] --START--
INFO: Run Behavior\BuildLiteBehavior [ RunTime:0.000012s ]
INFO: [ app_init ] --END-- [ RunTime:0.000378s ]
ERR: 无法加载模块:Webnoauth

[ 2016-04-18T09:43:10+08:00 ] 192.168.1.129 /router/get_rand_key.cgi
INFO: [ app_init ] --START--
INFO: Run Behavior\BuildLiteBehavior [ RunTime:0.000034s ]
INFO: [ app_init ] --END-- [ RunTime:0.001033s ]
ERR: 无法加载模块:Router

[ 2016-04-18T09:43:10+08:00 ] 192.168.1.129 /router/get_rand_key.cgi
INFO: [ app_init ] --START--
INFO: Run Behavior\BuildLiteBehavior [ RunTime:0.000013s ]
INFO: [ app_init ] --END-- [ RunTime:0.000345s ]
ERR: 无法加载模块:Router

[ 2016-04-18T09:43:10+08:00 ] 192.168.1.129 /router/get_rand_key.cgi
INFO: [ app_init ] --START--
INFO: Run Behavior\BuildLiteBehavior [ RunTime:0.000014s ]
INFO: [ app_init ] --END-- [ RunTime:0.000341s ]
ERR: 无法加载模块:Router

[ 2016-04-18T09:43:10+08:00 ] 192.168.1.129 /router/get_rand_key.cgi
INFO: [ app_init ] --START--
INFO: Run Behavior\BuildLiteBehavior [ RunTime:0.000032s ]
INFO: [ app_init ] --END-- [ RunTime:0.000868s ]
ERR: 无法加载模块:Router

[ 2016-04-18T10:31:48+08:00 ] 192.168.1.120 /webnoauth/model.cgi
INFO: [ app_init ] --START--
INFO: Run Behavior\BuildLiteBehavior [ RunTime:0.000008s ]
INFO: [ app_init ] --END-- [ RunTime:0.000221s ]
ERR: 无法加载模块:Webnoauth

[ 2016-04-18T10:31:48+08:00 ] 192.168.1.120 /router/get_rand_key.cgi
INFO: [ app_init ] --START--
INFO: Run Behavior\BuildLiteBehavior [ RunTime:0.000017s ]
INFO: [ app_init ] --END-- [ RunTime:0.000430s ]
ERR: 无法加载模块:Router

[ 2016-04-18T10:31:48+08:00 ] 192.168.1.120 /router/get_rand_key.cgi
INFO: [ app_init ] --START--
INFO: Run Behavior\BuildLiteBehavior [ RunTime:0.000022s ]
INFO: [ app_init ] --END-- [ RunTime:0.000560s ]
ERR: 无法加载模块:Router

[ 2016-04-18T10:31:49+08:00 ] 192.168.1.120 /router/get_rand_key.cgi
INFO: [ app_init ] --START--
INFO: Run Behavior\BuildLiteBehavior [ RunTime:0.000022s ]
INFO: [ app_init ] --END-- [ RunTime:0.000562s ]
ERR: 无法加载模块:Router

[ 2016-04-18T10:31:49+08:00 ] 192.168.1.120 /router/get_rand_key.cgi
INFO: [ app_init ] --START--
INFO: Run Behavior\BuildLiteBehavior [ RunTime:0.000032s ]
INFO: [ app_init ] --END-- [ RunTime:0.000853s ]
ERR: 无法加载模块:Router

[ 2016-04-18T14:07:16+08:00 ] ::1 /js/silder.js
ERR: 无法加载模块:Js

[ 2016-04-18T14:07:16+08:00 ] ::1 /images/01.jpg
ERR: 无法加载模块:Images

[ 2016-04-18T14:07:16+08:00 ] ::1 /images/02.jpg
ERR: 无法加载模块:Images

[ 2016-04-18T14:07:16+08:00 ] ::1 /images/04.jpg
ERR: 无法加载模块:Images

[ 2016-04-18T14:07:16+08:00 ] ::1 /images/03.jpg
ERR: 无法加载模块:Images

[ 2016-04-18T14:07:16+08:00 ] ::1 /images/001.png
ERR: 无法加载模块:Images

[ 2016-04-18T14:08:25+08:00 ] ::1 /share.html
ERR: 无法加载模块:Share

[ 2016-04-18T14:10:56+08:00 ] ::1 /images/01.jpg
ERR: 无法加载模块:Images

[ 2016-04-18T14:10:56+08:00 ] ::1 /images/02.jpg
ERR: 无法加载模块:Images

[ 2016-04-18T14:10:56+08:00 ] ::1 /images/04.jpg
ERR: 无法加载模块:Images

[ 2016-04-18T14:10:56+08:00 ] ::1 /js/silder.js
ERR: 无法加载模块:Js

[ 2016-04-18T14:10:56+08:00 ] ::1 /images/001.png
ERR: 无法加载模块:Images

[ 2016-04-18T14:10:56+08:00 ] ::1 /images/03.jpg
ERR: 无法加载模块:Images

[ 2016-04-18T14:14:41+08:00 ] ::1 /images/01.jpg
ERR: 无法加载模块:Images

[ 2016-04-18T14:14:41+08:00 ] ::1 /js/silder.js
ERR: 无法加载模块:Js

[ 2016-04-18T14:14:41+08:00 ] ::1 /images/02.jpg
ERR: 无法加载模块:Images

[ 2016-04-18T14:14:41+08:00 ] ::1 /images/03.jpg
ERR: 无法加载模块:Images

[ 2016-04-18T14:14:41+08:00 ] ::1 /images/04.jpg
ERR: 无法加载模块:Images

[ 2016-04-18T14:14:41+08:00 ] ::1 /images/001.png
ERR: 无法加载模块:Images

[ 2016-04-18T14:15:11+08:00 ] ::1 /images/01.jpg
ERR: 无法加载模块:Images

[ 2016-04-18T14:15:11+08:00 ] ::1 /js/silder.js
ERR: 无法加载模块:Js

[ 2016-04-18T14:15:11+08:00 ] ::1 /images/02.jpg
ERR: 无法加载模块:Images

[ 2016-04-18T14:15:11+08:00 ] ::1 /images/03.jpg
ERR: 无法加载模块:Images

[ 2016-04-18T14:15:11+08:00 ] ::1 /images/04.jpg
ERR: 无法加载模块:Images

[ 2016-04-18T14:15:11+08:00 ] ::1 /images/001.png
ERR: 无法加载模块:Images

[ 2016-04-18T14:15:38+08:00 ] ::1 /images/01.jpg
ERR: 无法加载模块:Images

[ 2016-04-18T14:15:38+08:00 ] ::1 /images/001.png
ERR: 无法加载模块:Images

[ 2016-04-18T14:15:38+08:00 ] ::1 /images/02.jpg
ERR: 无法加载模块:Images

[ 2016-04-18T14:15:38+08:00 ] ::1 /images/04.jpg
ERR: 无法加载模块:Images

[ 2016-04-18T14:15:39+08:00 ] ::1 /js/silder.js
ERR: 无法加载模块:Js

[ 2016-04-18T14:15:39+08:00 ] ::1 /images/03.jpg
ERR: 无法加载模块:Images

[ 2016-04-18T14:16:08+08:00 ] ::1 /images/02.jpg
ERR: 无法加载模块:Images

[ 2016-04-18T14:16:08+08:00 ] ::1 /images/01.jpg
ERR: 无法加载模块:Images

[ 2016-04-18T14:16:08+08:00 ] ::1 /js/silder.js
ERR: 无法加载模块:Js

[ 2016-04-18T14:16:08+08:00 ] ::1 /images/03.jpg
ERR: 无法加载模块:Images

[ 2016-04-18T14:16:08+08:00 ] ::1 /images/04.jpg
ERR: 无法加载模块:Images

[ 2016-04-18T14:16:08+08:00 ] ::1 /images/001.png
ERR: 无法加载模块:Images

[ 2016-04-18T14:23:43+08:00 ] ::1 /images/001.png
ERR: 无法加载模块:Images

[ 2016-04-18T14:23:43+08:00 ] ::1 /images/03.jpg
ERR: 无法加载模块:Images

[ 2016-04-18T14:23:43+08:00 ] ::1 /images/02.jpg
ERR: 无法加载模块:Images

[ 2016-04-18T14:23:43+08:00 ] ::1 /images/01.jpg
ERR: 无法加载模块:Images

[ 2016-04-18T14:23:43+08:00 ] ::1 /images/04.jpg
ERR: 无法加载模块:Images

[ 2016-04-18T14:23:43+08:00 ] ::1 /js/silder.js
ERR: 无法加载模块:Js

[ 2016-04-18T14:24:48+08:00 ] ::1 /images/01.jpg
ERR: 无法加载模块:Images

[ 2016-04-18T14:24:48+08:00 ] ::1 /images/02.jpg
ERR: 无法加载模块:Images

[ 2016-04-18T14:24:48+08:00 ] ::1 /images/03.jpg
ERR: 无法加载模块:Images

[ 2016-04-18T14:24:48+08:00 ] ::1 /images/04.jpg
ERR: 无法加载模块:Images

[ 2016-04-18T14:24:48+08:00 ] ::1 /images/001.png
ERR: 无法加载模块:Images

[ 2016-04-18T14:24:48+08:00 ] ::1 /js/silder.js
ERR: 无法加载模块:Js

[ 2016-04-18T14:25:51+08:00 ] ::1 /images/01.jpg
ERR: 无法加载模块:Images

[ 2016-04-18T14:25:51+08:00 ] ::1 /images/03.jpg
ERR: 无法加载模块:Images


[ 2016-04-18T14:25:51+08:00 ] ::1 /images/04.jpg
ERR: 无法加载模块:Images

[ 2016-04-18T14:25:51+08:00 ] ::1 /images/02.jpg
ERR: 无法加载模块:Images

[ 2016-04-18T14:25:51+08:00 ] ::1 /js/silder.js
ERR: 无法加载模块:Js

[ 2016-04-18T14:30:17+08:00 ] ::1 /images/01.jpg
ERR: 无法加载模块:Images

[ 2016-04-18T14:30:17+08:00 ] ::1 /images/001.png
ERR: 无法加载模块:Images

[ 2016-04-18T14:30:17+08:00 ] ::1 /images/04.jpg
ERR: 无法加载模块:Images

[ 2016-04-18T14:30:17+08:00 ] ::1 /images/03.jpg
ERR: 无法加载模块:Images

[ 2016-04-18T14:30:17+08:00 ] ::1 /js/silder.js
ERR: 无法加载模块:Js

[ 2016-04-18T14:30:17+08:00 ] ::1 /images/02.jpg
ERR: 无法加载模块:Images

[ 2016-04-18T14:30:50+08:00 ] ::1 /js/silder.js
ERR: 无法加载模块:Js

[ 2016-04-18T14:30:50+08:00 ] ::1 /images/01.jpg
ERR: 无法加载模块:Images

[ 2016-04-18T14:30:50+08:00 ] ::1 /images/02.jpg
ERR: 无法加载模块:Images

[ 2016-04-18T14:30:50+08:00 ] ::1 /images/001.png
ERR: 无法加载模块:Images

[ 2016-04-18T14:30:50+08:00 ] ::1 /images/04.jpg
ERR: 无法加载模块:Images

[ 2016-04-18T14:30:50+08:00 ] ::1 /images/03.jpg
ERR: 无法加载模块:Images

[ 2016-04-18T14:38:50+08:00 ] ::1 /js/silder.js
ERR: 无法加载模块:Js

[ 2016-04-18T14:38:50+08:00 ] ::1 /images/01.jpg
ERR: 无法加载模块:Images

[ 2016-04-18T14:38:50+08:00 ] ::1 /images/04.jpg
ERR: 无法加载模块:Images

[ 2016-04-18T14:38:50+08:00 ] ::1 /images/02.jpg
ERR: 无法加载模块:Images

[ 2016-04-18T14:38:50+08:00 ] ::1 /images/03.jpg
ERR: 无法加载模块:Images

[ 2016-04-18T14:38:50+08:00 ] ::1 /images/001.png
ERR: 无法加载模块:Images

[ 2016-04-18T14:39:02+08:00 ] ::1 /images/03.jpg
ERR: 无法加载模块:Images

[ 2016-04-18T14:39:02+08:00 ] ::1 /images/04.jpg
ERR: 无法加载模块:Images

[ 2016-04-18T14:39:02+08:00 ] ::1 /js/silder.js
ERR: 无法加载模块:Js

[ 2016-04-18T14:39:02+08:00 ] ::1 /images/02.jpg
ERR: 无法加载模块:Images

[ 2016-04-18T14:39:02+08:00 ] ::1 /images/001.png
ERR: 无法加载模块:Images

[ 2016-04-18T14:39:02+08:00 ] ::1 /images/01.jpg
ERR: 无法加载模块:Images

[ 2016-04-18T14:42:10+08:00 ] ::1 /js/silder.js
ERR: 无法加载模块:Js

[ 2016-04-18T14:42:10+08:00 ] ::1 /images/01.jpg
ERR: 无法加载模块:Images

[ 2016-04-18T14:42:10+08:00 ] ::1 /images/02.jpg
ERR: 无法加载模块:Images

[ 2016-04-18T14:42:10+08:00 ] ::1 /images/04.jpg
ERR: 无法加载模块:Images

[ 2016-04-18T14:42:10+08:00 ] ::1 /images/03.jpg
ERR: 无法加载模块:Images

[ 2016-04-18T14:42:10+08:00 ] ::1 /images/001.png
ERR: 无法加载模块:Images

[ 2016-04-18T14:42:24+08:00 ] ::1 /images/01.jpg
ERR: 无法加载模块:Images

[ 2016-04-18T14:42:24+08:00 ] ::1 /images/03.jpg
ERR: 无法加载模块:Images

[ 2016-04-18T14:42:24+08:00 ] ::1 /images/04.jpg
ERR: 无法加载模块:Images

[ 2016-04-18T14:42:24+08:00 ] ::1 /js/silder.js
ERR: 无法加载模块:Js

[ 2016-04-18T14:42:24+08:00 ] ::1 /images/02.jpg
ERR: 无法加载模块:Images

[ 2016-04-18T14:42:24+08:00 ] ::1 /images/001.png
ERR: 无法加载模块:Images

[ 2016-04-18T14:42:29+08:00 ] ::1 /images/01.jpg
ERR: 无法加载模块:Images

[ 2016-04-18T14:42:29+08:00 ] ::1 /images/04.jpg
ERR: 无法加载模块:Images

[ 2016-04-18T14:42:29+08:00 ] ::1 /images/03.jpg
ERR: 无法加载模块:Images

[ 2016-04-18T14:42:29+08:00 ] ::1 /js/silder.js
ERR: 无法加载模块:Js

[ 2016-04-18T14:42:29+08:00 ] ::1 /images/02.jpg
ERR: 无法加载模块:Images

[ 2016-04-18T14:42:29+08:00 ] ::1 /images/001.png
ERR: 无法加载模块:Images

[ 2016-04-18T14:48:49+08:00 ] ::1 /js/silder.js
ERR: 无法加载模块:Js

[ 2016-04-18T14:48:49+08:00 ] ::1 /images/001.png
ERR: 无法加载模块:Images

[ 2016-04-18T14:49:43+08:00 ] ::1 /images/01.jpg
ERR: 无法加载模块:Images

[ 2016-04-18T14:49:43+08:00 ] ::1 /images/03.jpg
ERR: 无法加载模块:Images

[ 2016-04-18T14:49:43+08:00 ] ::1 /images/02.jpg
ERR: 无法加载模块:Images

[ 2016-04-18T14:49:43+08:00 ] ::1 /js/silder.js
ERR: 无法加载模块:Js

[ 2016-04-18T14:49:43+08:00 ] ::1 /images/001.png
ERR: 无法加载模块:Images

[ 2016-04-18T14:49:43+08:00 ] ::1 /images/04.jpg
ERR: 无法加载模块:Images

[ 2016-04-18T15:02:26+08:00 ] ::1 /images/01.jpg
ERR: 无法加载模块:Images

[ 2016-04-18T15:02:26+08:00 ] ::1 /js/silder.js
ERR: 无法加载模块:Js

[ 2016-04-18T15:02:26+08:00 ] ::1 /images/02.jpg
ERR: 无法加载模块:Images

[ 2016-04-18T15:02:26+08:00 ] ::1 /images/001.png
ERR: 无法加载模块:Images

[ 2016-04-18T15:02:26+08:00 ] ::1 /images/04.jpg
ERR: 无法加载模块:Images

[ 2016-04-18T15:02:26+08:00 ] ::1 /images/03.jpg
ERR: 无法加载模块:Images

[ 2016-04-18T15:09:32+08:00 ] ::1 /images/01.jpg
ERR: 无法加载模块:Images

[ 2016-04-18T15:09:32+08:00 ] ::1 /js/silder.js
ERR: 无法加载模块:Js

[ 2016-04-18T15:09:32+08:00 ] ::1 /images/03.jpg
ERR: 无法加载模块:Images

[ 2016-04-18T15:09:32+08:00 ] ::1 /images/02.jpg
ERR: 无法加载模块:Images

[ 2016-04-18T15:09:32+08:00 ] ::1 /images/04.jpg
ERR: 无法加载模块:Images

[ 2016-04-18T15:09:32+08:00 ] ::1 /images/001.png
ERR: 无法加载模块:Images

[ 2016-04-18T15:10:32+08:00 ] ::1 /js/silder.js
ERR: 无法加载模块:Js

[ 2016-04-18T15:11:23+08:00 ] ::1 /js/silder.js
ERR: 无法加载模块:Js

[ 2016-04-18T15:12:36+08:00 ] ::1 /about.html
ERR: 无法加载模块:About

[ 2016-04-18T16:21:03+08:00 ] ::1 /Public/images/logo.jpg
ERR: 无法加载模块:Public

[ 2016-04-18T16:39:33+08:00 ] ::1 /Public/images/logo.jpg
ERR: 无法加载模块:Public

[ 2016-04-18T16:58:49+08:00 ] ::1 /Public/images/logo.jpg
ERR: 无法加载模块:Public

[ 2016-04-18T17:17:55+08:00 ] ::1 /Public/images/logo.jpg
ERR: 无法加载模块:Public

[ 2016-04-18T17:39:13+08:00 ] ::1 /Public/images/logo.jpg
ERR: 无法加载模块:Public

[ 2016-04-18T17:39:38+08:00 ] ::1 /Public/images/logo.jpg
ERR: 无法加载模块:Public

[ 2016-04-18T17:41:50+08:00 ] ::1 /Public/images/logo.jpg
ERR: 无法加载模块:Public

[ 2016-04-18T17:46:47+08:00 ] ::1 /Public/images/logo.jpg
ERR: 无法加载模块:Public

[ 2016-04-18T17:53:03+08:00 ] ::1 /index.html
ERR: 无法加载模块:Index

[ 2016-04-18T18:13:55+08:00 ] ::1 /Public/images/logo.jpg
ERR: 无法加载模块:Public

[ 2016-04-18T18:22:43+08:00 ] ::1 /Public/images/logo.jpg
ERR: 无法加载模块:Public

