[ 2016-04-27T08:41:43+08:00 ] 192.168.1.105 /webnoauth/model.cgi
ERR: 无法加载模块:Webnoauth

[ 2016-04-27T08:41:43+08:00 ] 192.168.1.105 /router/get_rand_key.cgi
ERR: 无法加载模块:Router

[ 2016-04-27T08:41:43+08:00 ] 192.168.1.105 /router/get_rand_key.cgi
ERR: 无法加载模块:Router

[ 2016-04-27T08:41:43+08:00 ] 192.168.1.105 /router/get_rand_key.cgi
ERR: 无法加载模块:Router

[ 2016-04-27T08:41:43+08:00 ] 192.168.1.105 /router/get_rand_key.cgi
ERR: 无法加载模块:Router

[ 2016-04-27T09:25:11+08:00 ] ::1 /Public/images/logo.jpg
ERR: 无法加载模块:Public

[ 2016-04-27T09:25:34+08:00 ] ::1 /favicon.ico
ERR: 无法加载模块:Favicon

[ 2016-04-27T09:37:54+08:00 ] ::1 /Public/images/logo.jpg
ERR: 无法加载模块:Public

[ 2016-04-27T10:01:31+08:00 ] 192.168.1.108 /webnoauth/model.cgi
ERR: 无法加载模块:Webnoauth

[ 2016-04-27T10:01:31+08:00 ] 192.168.1.108 /router/get_rand_key.cgi
ERR: 无法加载模块:Router

[ 2016-04-27T10:01:32+08:00 ] 192.168.1.108 /router/get_rand_key.cgi
ERR: 无法加载模块:Router

[ 2016-04-27T10:01:33+08:00 ] 192.168.1.108 /router/get_rand_key.cgi
ERR: 无法加载模块:Router

[ 2016-04-27T10:01:34+08:00 ] 192.168.1.108 /router/get_rand_key.cgi
ERR: 无法加载模块:Router

[ 2016-04-27T10:57:04+08:00 ] 192.168.1.121 /webnoauth/model.cgi
ERR: 无法加载模块:Webnoauth

[ 2016-04-27T10:57:08+08:00 ] 192.168.1.121 /router/get_rand_key.cgi
ERR: 无法加载模块:Router

[ 2016-04-27T10:57:09+08:00 ] 192.168.1.121 /router/get_rand_key.cgi
ERR: 无法加载模块:Router

[ 2016-04-27T10:57:11+08:00 ] 192.168.1.121 /router/get_rand_key.cgi
ERR: 无法加载模块:Router

[ 2016-04-27T10:57:14+08:00 ] 192.168.1.121 /router/get_rand_key.cgi
ERR: 无法加载模块:Router

[ 2016-04-27T13:12:31+08:00 ] ::1 /favicon.ico
ERR: 无法加载模块:Favicon

[ 2016-04-27T15:21:29+08:00 ] ::1 /Public/images/logo.jpg
ERR: 无法加载模块:Public

[ 2016-04-27T15:21:54+08:00 ] ::1 /Public/images/logo.jpg
ERR: 无法加载模块:Public

[ 2016-04-27T15:21:59+08:00 ] ::1 /Public/images/logo.jpg
ERR: 无法加载模块:Public

[ 2016-04-27T15:22:47+08:00 ] ::1 /Public/images/logo.jpg
ERR: 无法加载模块:Public

[ 2016-04-27T15:23:19+08:00 ] ::1 /Public/images/logo.jpg
ERR: 无法加载模块:Public

[ 2016-04-27T15:24:11+08:00 ] ::1 /Public/images/logo.jpg
ERR: 无法加载模块:Public

[ 2016-04-27T15:24:33+08:00 ] ::1 /Public/images/logo.jpg
ERR: 无法加载模块:Public

