[ 2016-04-21T11:30:05+08:00 ] ::1 /Home/User/verify
ERR: Think\Controller:dispaly方法不存在！

[ 2016-04-21T11:30:13+08:00 ] ::1 /Home/User/verify
ERR: Think\Controller:dispaly方法不存在！

[ 2016-04-21T11:30:14+08:00 ] ::1 /Home/User/verify
ERR: Think\Controller:dispaly方法不存在！

[ 2016-04-21T11:30:16+08:00 ] ::1 /Home/User/verify
ERR: Think\Controller:dispaly方法不存在！

[ 2016-04-21T11:30:17+08:00 ] ::1 /Home/User/verify
ERR: Think\Controller:dispaly方法不存在！

[ 2016-04-21T11:30:18+08:00 ] ::1 /Home/User/verify
ERR: Think\Controller:dispaly方法不存在！

[ 2016-04-21T11:30:20+08:00 ] ::1 /Home/User/verify
ERR: Think\Controller:dispaly方法不存在！

[ 2016-04-21T11:30:22+08:00 ] ::1 /Home/User/verify
ERR: Think\Controller:dispaly方法不存在！

[ 2016-04-21T11:31:26+08:00 ] ::1 /Home/User/verify
ERR: Think\Controller:dispaly方法不存在！

[ 2016-04-21T11:31:35+08:00 ] ::1 /Home/User/verify
ERR: Think\Controller:dispaly方法不存在！

[ 2016-04-21T11:36:20+08:00 ] ::1 /Home/User/verify
ERR: Think\Controller:dispaly方法不存在！

[ 2016-04-21T11:38:10+08:00 ] ::1 /Home/User/verify
ERR: Think\Controller:dispaly方法不存在！

[ 2016-04-21T11:38:59+08:00 ] ::1 /Home/User/verify
ERR: Think\Controller:dispaly方法不存在！

[ 2016-04-21T12:52:55+08:00 ] ::1 /Home/User/verify
ERR: Think\Controller:dispaly方法不存在！

[ 2016-04-21T13:08:02+08:00 ] ::1 /Home/User/verify
ERR: Think\Controller:dispaly方法不存在！

[ 2016-04-21T13:09:52+08:00 ] ::1 /Home/User/verify
ERR: Think\Controller:dispaly方法不存在！

[ 2016-04-21T13:15:25+08:00 ] ::1 /Home/User/verify
ERR: Think\Controller:dispaly方法不存在！

[ 2016-04-21T13:16:05+08:00 ] ::1 /Home/User/verify
ERR: Think\Controller:dispaly方法不存在！

[ 2016-04-21T13:16:15+08:00 ] ::1 /Home/User/verify
ERR: Think\Controller:dispaly方法不存在！

[ 2016-04-21T13:16:35+08:00 ] ::1 /Home/User/verify
ERR: Think\Controller:dispaly方法不存在！

[ 2016-04-21T13:17:15+08:00 ] ::1 /Home/User/verify
ERR: Think\Controller:dispaly方法不存在！

[ 2016-04-21T13:36:52+08:00 ] ::1 /Home/User/%3C/index.php/Home/User/code/code_len/4/font_size/14/width/100/height/28/code/1461217012.html%3E
ERR: 非法操作:

[ 2016-04-21T13:36:56+08:00 ] ::1 /Home/User/%3C/index.php/Home/User/code/code_len/4/font_size/14/width/100/height/28/code/1461217012.html%3E&0.15477185999043286
ERR: 非法操作:

[ 2016-04-21T13:36:57+08:00 ] ::1 /Home/User/%3C/index.php/Home/User/code/code_len/4/font_size/14/width/100/height/28/code/1461217012.html%3E&0.15477185999043286&0.7891218948643655
ERR: 非法操作:

[ 2016-04-21T13:36:57+08:00 ] ::1 /Home/User/%3C/index.php/Home/User/code/code_len/4/font_size/14/width/100/height/28/code/1461217012.html%3E&0.15477185999043286&0.7891218948643655&0.3711400057654828
ERR: 非法操作:

[ 2016-04-21T13:36:57+08:00 ] ::1 /Home/User/%3C/index.php/Home/User/code/code_len/4/font_size/14/width/100/height/28/code/1461217012.html%3E&0.15477185999043286&0.7891218948643655&0.3711400057654828&0.2814227808266878
ERR: 非法操作:

[ 2016-04-21T13:36:58+08:00 ] ::1 /Home/User/%3C/index.php/Home/User/code/code_len/4/font_size/14/width/100/height/28/code/1461217012.html%3E&0.15477185999043286&0.7891218948643655&0.3711400057654828&0.2814227808266878&0.5658821470569819
ERR: 非法操作:

[ 2016-04-21T13:36:58+08:00 ] ::1 /Home/User/%3C/index.php/Home/User/code/code_len/4/font_size/14/width/100/height/28/code/1461217012.html%3E&0.15477185999043286&0.7891218948643655&0.3711400057654828&0.2814227808266878&0.5658821470569819&0.981221267953515
ERR: 非法操作:

[ 2016-04-21T13:36:58+08:00 ] ::1 /Home/User/%3C/index.php/Home/User/code/code_len/4/font_size/14/width/100/height/28/code/1461217012.html%3E&0.15477185999043286&0.7891218948643655&0.3711400057654828&0.2814227808266878&0.5658821470569819&0.981221267953515&0.29414884466677904
ERR: 非法操作:

[ 2016-04-21T13:37:00+08:00 ] ::1 /Home/User/%3C/index.php/Home/User/code/code_len/4/font_size/14/width/100/height/28/code/1461217012.html%3E&0.15477185999043286&0.7891218948643655&0.3711400057654828&0.2814227808266878&0.5658821470569819&0.981221267953515&0.29414884466677904&0.008493452100083232
ERR: 非法操作:

[ 2016-04-21T13:37:00+08:00 ] ::1 /Home/User/%3C/index.php/Home/User/code/code_len/4/font_size/14/width/100/height/28/code/1461217012.html%3E&0.15477185999043286&0.7891218948643655&0.3711400057654828&0.2814227808266878&0.5658821470569819&0.981221267953515&0.29414884466677904&0.008493452100083232&0.1485715010203421
ERR: 非法操作:

[ 2016-04-21T13:37:00+08:00 ] ::1 /Home/User/%3C/index.php/Home/User/code/code_len/4/font_size/14/width/100/height/28/code/1461217012.html%3E&0.15477185999043286&0.7891218948643655&0.3711400057654828&0.2814227808266878&0.5658821470569819&0.981221267953515&0.29414884466677904&0.008493452100083232&0.1485715010203421&0.9877266979310662
ERR: 非法操作:

[ 2016-04-21T13:43:52+08:00 ] ::1 /Home/User/%3C/index.php/Home/User/code/code_len/4/font_size/14/width/100/height/28/code/1461217432.html%3E
ERR: 非法操作:

[ 2016-04-21T13:51:24+08:00 ] ::1 /Home/User/%3C/index.php/Home/User/code/code_len/4/font_size/14/width/100/height/28/code/1461217884.html%3E
ERR: 非法操作:

[ 2016-04-21T13:51:36+08:00 ] ::1 /Home/User/%3C/index.php/Home/User/code/code_len/4/font_size/14/width/100/height/28/code/1461217896.html%3E
ERR: 非法操作:

[ 2016-04-21T13:52:51+08:00 ] ::1 /Home/User/%3C/index.php?m=Home&c=User&a=code&code_len=4&font_size=14&width=100&height=28&code=1461217971%3E
ERR: 非法操作:

[ 2016-04-21T13:53:21+08:00 ] ::1 /Home/User/%3C/index.php?m=Home&c=User&a=code&code_len=4&font_size=14&width=100&height=28&code=1461218001%3E
ERR: 非法操作:

[ 2016-04-21T13:59:07+08:00 ] ::1 /Home/User/%3C/index.php/Home/User/code.html%3E
ERR: 非法操作:

[ 2016-04-21T13:59:26+08:00 ] ::1 /Home/User/%3C/index.php/Home/User/code.html%3E
ERR: 非法操作:

[ 2016-04-21T14:04:48+08:00 ] ::1 /Home/User/%3C/index.php/Home/User/code%3E
ERR: 非法操作:

[ 2016-04-21T14:05:20+08:00 ] ::1 /Home/User/%3C'/index.php/Home/User/code'%3E
ERR: 非法操作:

[ 2016-04-21T14:05:58+08:00 ] ::1 /Home/User/%3Ccode%3E
ERR: 非法操作:

[ 2016-04-21T14:06:21+08:00 ] ::1 /Home/User/code&0.2108521203044802
ERR: 非法操作:code&0.2108521203044802

