[ 2016-04-27T09:32:17+08:00 ] ::1 /Admin/login
ERR: 无法加载控制器:Login

[ 2016-04-27T09:41:54+08:00 ] ::1 /Admin/Index/$%7BstaticPath%20%7D/static/style/css/dreamlu.css
ERR: 非法操作:${staticPath }

[ 2016-04-27T09:41:54+08:00 ] ::1 /Admin/Index/$%7BstaticPath%20%7D/static/extJs.js
ERR: 非法操作:${staticPath }

[ 2016-04-27T09:55:43+08:00 ] ::1 /Admin/Index/%E6%9D%80%E6%89%8B
ERR: 非法操作:杀手

[ 2016-04-27T09:57:08+08:00 ] ::1 /Admin/Index/%E6%9D%80%E6%89%8B
ERR: 非法操作:杀手

[ 2016-04-27T10:08:57+08:00 ] ::1 /Admin/Index/logimn
ERR: 非法操作:logimn

[ 2016-04-27T16:18:24+08:00 ] ::1 /Admin/Index/HTTP_REFERER
ERR: 非法操作:HTTP_REFERER

[ 2016-04-27T16:32:31+08:00 ] ::1 /Admin/Index/HTTP_REFERER
ERR: 非法操作:HTTP_REFERER

[ 2016-04-27T16:40:22+08:00 ] ::1 /Admin/Index/HTTP_REFERER
ERR: 非法操作:HTTP_REFERER

[ 2016-04-27T16:41:05+08:00 ] ::1 /Admin/Index/HTTP_REFERER
ERR: 非法操作:HTTP_REFERER

