[ 2016-05-03T09:55:38+08:00 ] ::1 /Admin/Login/login.html
INFO: [ app_begin ] --START--
INFO: Run Behavior\ReadHtmlCacheBehavior [ RunTime:0.000358s ]
INFO: Run Behavior\CheckLangBehavior [ RunTime:0.000219s ]
INFO: [ app_begin ] --END-- [ RunTime:0.000876s ]
SQL: SHOW COLUMNS FROM `think_user` [ RunTime:0.0099s ]
SQL: SELECT * FROM `think_user` WHERE `username` = '1111' LIMIT 1   [ RunTime:0.0178s ]

[ 2016-05-03T09:55:50+08:00 ] ::1 /Admin/Login/login.html
INFO: [ app_begin ] --START--
INFO: Run Behavior\ReadHtmlCacheBehavior [ RunTime:0.000371s ]
INFO: Run Behavior\CheckLangBehavior [ RunTime:0.000219s ]
INFO: [ app_begin ] --END-- [ RunTime:0.000914s ]
SQL: SHOW COLUMNS FROM `think_user` [ RunTime:0.0086s ]
SQL: SELECT * FROM `think_user` WHERE `username` = 'slf' LIMIT 1   [ RunTime:0.0113s ]
SQL: SELECT * FROM `think_user` WHERE `username` = 'slf' AND `password` = 'e10adc3949ba59abbe56e057f20f883e' LIMIT 1   [ RunTime:0.0046s ]

[ 2016-05-03T09:56:02+08:00 ] ::1 /Admin/Login/login.html
INFO: [ app_begin ] --START--
INFO: Run Behavior\ReadHtmlCacheBehavior [ RunTime:0.000374s ]
INFO: Run Behavior\CheckLangBehavior [ RunTime:0.000217s ]
INFO: [ app_begin ] --END-- [ RunTime:0.000920s ]
SQL: SHOW COLUMNS FROM `think_user` [ RunTime:0.0364s ]
SQL: SELECT * FROM `think_user` WHERE `username` = 'admin' LIMIT 1   [ RunTime:0.0103s ]
SQL: SELECT * FROM `think_user` WHERE `username` = 'admin' AND `password` = 'e10adc3949ba59abbe56e057f20f883e' LIMIT 1   [ RunTime:0.0099s ]

[ 2016-05-03T10:23:35+08:00 ] ::1 /Admin/Login/login.html
INFO: [ app_begin ] --START--
INFO: Run Behavior\ReadHtmlCacheBehavior [ RunTime:0.000359s ]
INFO: Run Behavior\CheckLangBehavior [ RunTime:0.000217s ]
INFO: [ app_begin ] --END-- [ RunTime:0.000869s ]
SQL: SHOW COLUMNS FROM `think_user` [ RunTime:0.1131s ]
SQL: SELECT * FROM `think_user` WHERE `username` = 'admin' LIMIT 1   [ RunTime:0.1298s ]
SQL: SELECT * FROM `think_user` WHERE `username` = 'admin' AND `password` = 'e10adc3949ba59abbe56e057f20f883e' LIMIT 1   [ RunTime:0.0679s ]

[ 2016-05-03T10:23:36+08:00 ] ::1 /Admin/Login/login.html
INFO: [ app_begin ] --START--
INFO: Run Behavior\ReadHtmlCacheBehavior [ RunTime:0.000362s ]
INFO: Run Behavior\CheckLangBehavior [ RunTime:0.000268s ]
INFO: [ app_begin ] --END-- [ RunTime:0.000947s ]
SQL: SHOW COLUMNS FROM `think_user` [ RunTime:0.1400s ]

[ 2016-05-03T10:37:46+08:00 ] ::1 /Admin/Login/login.html
INFO: [ app_begin ] --START--
INFO: Run Behavior\ReadHtmlCacheBehavior [ RunTime:0.000314s ]
INFO: Run Behavior\CheckLangBehavior [ RunTime:0.000254s ]
INFO: [ app_begin ] --END-- [ RunTime:0.000959s ]
SQL: SHOW COLUMNS FROM `think_user` [ RunTime:0.1083s ]
SQL: SELECT * FROM `think_user` WHERE `username` = 'admin' LIMIT 1   [ RunTime:0.0246s ]
SQL: SELECT * FROM `think_user` WHERE `username` = 'admin' AND `password` = 'e10adc3949ba59abbe56e057f20f883e' LIMIT 1   [ RunTime:0.2031s ]

[ 2016-05-03T10:37:57+08:00 ] ::1 /Admin/Index/index.html
ERR: 1146:Table 'ssm.think_menu' doesn't exist
 [ SQL语句 ] : SHOW COLUMNS FROM `think_menu`

[ 2016-05-03T10:38:33+08:00 ] ::1 /Admin/Login/login.html
INFO: [ app_begin ] --START--
INFO: Run Behavior\ReadHtmlCacheBehavior [ RunTime:0.000316s ]
INFO: Run Behavior\CheckLangBehavior [ RunTime:0.000252s ]
INFO: [ app_begin ] --END-- [ RunTime:0.000960s ]
SQL: SHOW COLUMNS FROM `think_user` [ RunTime:0.0212s ]
SQL: SELECT * FROM `think_user` WHERE `username` = 'admin' LIMIT 1   [ RunTime:0.0761s ]
SQL: SELECT * FROM `think_user` WHERE `username` = 'admin' AND `password` = 'e10adc3949ba59abbe56e057f20f883e' LIMIT 1   [ RunTime:0.0625s ]

[ 2016-05-03T11:01:19+08:00 ] ::1 /Admin/Index/modifyPassword.html
INFO: [ app_begin ] --START--
INFO: Run Behavior\ReadHtmlCacheBehavior [ RunTime:0.000838s ]
INFO: Run Behavior\CheckLangBehavior [ RunTime:0.000557s ]
INFO: [ app_begin ] --END-- [ RunTime:0.002250s ]
SQL: SHOW COLUMNS FROM `think_user` [ RunTime:0.0051s ]
ERR: Think\Controller:array方法不存在！

[ 2016-05-03T11:03:06+08:00 ] ::1 /Admin/Index/modifyPassword.html
INFO: [ app_begin ] --START--
INFO: Run Behavior\ReadHtmlCacheBehavior [ RunTime:0.000357s ]
INFO: Run Behavior\CheckLangBehavior [ RunTime:0.000238s ]
INFO: [ app_begin ] --END-- [ RunTime:0.000962s ]
SQL: SHOW COLUMNS FROM `think_user` [ RunTime:0.0055s ]
ERR: Think\Controller:array方法不存在！

[ 2016-05-03T11:04:33+08:00 ] ::1 /Admin/Index/modifyPassword.html
INFO: [ app_begin ] --START--
INFO: Run Behavior\ReadHtmlCacheBehavior [ RunTime:0.000961s ]
INFO: Run Behavior\CheckLangBehavior [ RunTime:0.000641s ]
INFO: [ app_begin ] --END-- [ RunTime:0.002602s ]
SQL: SHOW COLUMNS FROM `think_user` [ RunTime:0.0101s ]
ERR: Think\Model:array方法不存在！

[ 2016-05-03T11:08:06+08:00 ] ::1 /Admin/Index/modifyPassword.html
INFO: [ app_begin ] --START--
INFO: Run Behavior\ReadHtmlCacheBehavior [ RunTime:0.000381s ]
INFO: Run Behavior\CheckLangBehavior [ RunTime:0.000260s ]
INFO: [ app_begin ] --END-- [ RunTime:0.001029s ]
SQL: SHOW COLUMNS FROM `think_user` [ RunTime:0.0070s ]
SQL: UPDATE `think_user` SET `password`='96e79218965eb72c92a549dd5a330112' WHERE ( 1 ) [ RunTime:0.0900s ]

[ 2016-05-03T11:11:09+08:00 ] ::1 /Admin/Index/modifyPassword.html
INFO: [ app_begin ] --START--
INFO: Run Behavior\ReadHtmlCacheBehavior [ RunTime:0.000677s ]
INFO: Run Behavior\CheckLangBehavior [ RunTime:0.000551s ]
INFO: [ app_begin ] --END-- [ RunTime:0.001995s ]
SQL: SHOW COLUMNS FROM `think_user` [ RunTime:0.0138s ]
SQL: UPDATE `think_user` SET `password`='e10adc3949ba59abbe56e057f20f883e' WHERE ( 1 ) [ RunTime:0.1051s ]

[ 2016-05-03T11:12:43+08:00 ] ::1 /Admin/Index/modifyPassword.html
INFO: [ app_begin ] --START--
INFO: Run Behavior\ReadHtmlCacheBehavior [ RunTime:0.000787s ]
INFO: Run Behavior\CheckLangBehavior [ RunTime:0.000643s ]
INFO: [ app_begin ] --END-- [ RunTime:0.002411s ]
SQL: SHOW COLUMNS FROM `think_user` [ RunTime:0.0714s ]
SQL: UPDATE `think_user` SET `password`='96e79218965eb72c92a549dd5a330112' WHERE ( 1 ) [ RunTime:0.0866s ]
INFO: [ app_end ] --START--
INFO: Run Behavior\ShowPageTraceBehavior [ RunTime:0.000536s ]
INFO: [ app_end ] --END-- [ RunTime:0.000711s ]

[ 2016-05-03T11:13:58+08:00 ] ::1 /Admin/Index/modifyPassword.html
INFO: [ app_begin ] --START--
INFO: Run Behavior\ReadHtmlCacheBehavior [ RunTime:0.000308s ]
INFO: Run Behavior\CheckLangBehavior [ RunTime:0.000250s ]
INFO: [ app_begin ] --END-- [ RunTime:0.000941s ]
SQL: SHOW COLUMNS FROM `think_user` [ RunTime:0.0034s ]
SQL: UPDATE `think_user` SET `password`='e10adc3949ba59abbe56e057f20f883e' [ RunTime:0.0398s ]
INFO: [ app_end ] --START--
INFO: Run Behavior\ShowPageTraceBehavior [ RunTime:0.000460s ]
INFO: [ app_end ] --END-- [ RunTime:0.000645s ]

